<?xml version="1.0" encoding="UTF-8"?>
<testsuite xmlns:xsi="http://www.w3.org/2001/XMLSchema-instance" xsi:noNamespaceSchemaLocation="https://maven.apache.org/surefire/maven-surefire-plugin/xsd/surefire-test-report-3.0.xsd" version="3.0" name="com.nlu.DecentAndCraft.DecentAndCraftApplicationTests" time="40.629" tests="1" errors="0" skipped="0" failures="0">
  <properties>
[...]
</properties>
  <testcase name="contextLoads" classname="com.nlu.DecentAndCraft.DecentAndCraftApplicationTests" time="0.661">
    <system-out><![CDATA[08:04:32.728 [main] INFO org.springframework.test.context.support.AnnotationConfigContextLoaderUtils -- Could not detect default configuration classes for test class [com.nlu.DecentAndCraft.DecentAndCraftApplicationTests]: DecentAndCraftApplicationTests does not declare any static, non-private, non-final, nested classes annotated with @Configuration.
08:04:32.970 [main] INFO org.springframework.boot.test.context.SpringBootTestContextBootstrapper -- Found @SpringBootConfiguration com.nlu.DecentAndCraft.DecentAndCraftApplication for test class com.nlu.DecentAndCraft.DecentAndCraftApplicationTests
08:04:33.275 [main] INFO org.springframework.boot.devtools.restart.RestartApplicationListener -- Restart disabled due to context in which it is running

  .   ____          _            __ _ _
 /\\ / ___'_ __ _ _(_)_ __  __ _ \ \ \ \
( ( )\___ | '_ | '_| | '_ \/ _` | \ \ \ \
 \\/  ___)| |_)| | | | | || (_| |  ) ) ) )
  '  |____| .__|_| |_|_| |_\__, | / / / /
 =========|_|==============|___/=/_/_/_/

 :: Spring Boot ::                (v3.3.1)

2024-07-08T08:04:33.577+07:00  INFO 9602 --- [DecentAndCraft] [           main] c.n.D.DecentAndCraftApplicationTests     : Starting DecentAndCraftApplicationTests using Java 21.0.3 with PID 9602 (started by dbt19 in /home/dbt19/dev/decent-and-craft-server)
2024-07-08T08:04:33.579+07:00  INFO 9602 --- [DecentAndCraft] [           main] c.n.D.DecentAndCraftApplicationTests     : No active profile set, falling back to 1 default profile: "default"
2024-07-08T08:04:34.566+07:00  INFO 9602 --- [DecentAndCraft] [           main] .s.d.r.c.RepositoryConfigurationDelegate : Bootstrapping Spring Data JPA repositories in DEFAULT mode.
2024-07-08T08:04:34.672+07:00  INFO 9602 --- [DecentAndCraft] [           main] .s.d.r.c.RepositoryConfigurationDelegate : Finished Spring Data repository scanning in 98 ms. Found 10 JPA repository interfaces.
2024-07-08T08:04:35.383+07:00  INFO 9602 --- [DecentAndCraft] [           main] o.hibernate.jpa.internal.util.LogHelper  : HHH000204: Processing PersistenceUnitInfo [name: default]
2024-07-08T08:04:35.430+07:00  INFO 9602 --- [DecentAndCraft] [           main] org.hibernate.Version                    : HHH000412: Hibernate ORM core version 6.5.2.Final
2024-07-08T08:04:35.477+07:00  INFO 9602 --- [DecentAndCraft] [           main] o.h.c.internal.RegionFactoryInitiator    : HHH000026: Second-level cache disabled
2024-07-08T08:04:35.846+07:00  INFO 9602 --- [DecentAndCraft] [           main] o.s.o.j.p.SpringPersistenceUnitInfo      : No LoadTimeWeaver setup: ignoring JPA class transformer
2024-07-08T08:04:35.878+07:00  INFO 9602 --- [DecentAndCraft] [           main] com.zaxxer.hikari.HikariDataSource       : HikariPool-1 - Starting...
2024-07-08T08:04:36.088+07:00  INFO 9602 --- [DecentAndCraft] [           main] com.zaxxer.hikari.pool.HikariPool        : HikariPool-1 - Added connection com.mysql.cj.jdbc.ConnectionImpl@52d9d817
2024-07-08T08:04:36.090+07:00  INFO 9602 --- [DecentAndCraft] [           main] com.zaxxer.hikari.HikariDataSource       : HikariPool-1 - Start completed.
2024-07-08T08:04:36.150+07:00  WARN 9602 --- [DecentAndCraft] [           main] org.hibernate.orm.deprecation            : HHH90000025: MySQL8Dialect does not need to be specified explicitly using 'hibernate.dialect' (remove the property setting and it will be selected by default)
2024-07-08T08:04:36.152+07:00  WARN 9602 --- [DecentAndCraft] [           main] org.hibernate.orm.deprecation            : HHH90000026: MySQL8Dialect has been deprecated; use org.hibernate.dialect.MySQLDialect instead
2024-07-08T08:04:37.696+07:00  INFO 9602 --- [DecentAndCraft] [           main] o.h.e.t.j.p.i.JtaPlatformInitiator       : HHH000489: No JTA platform available (set 'hibernate.transaction.jta.platform' to enable JTA platform integration)
Hibernate: alter table address drop foreign key FKda8tuywtf0gb6sedwk7la1pgi
Hibernate: alter table blog_category drop foreign key FKjbyxrx69u4xun5frkk6d5j8hv
Hibernate: alter table blog_category drop foreign key FKd9e03c7wlyfdv7dd51bvnxc4x
Hibernate: alter table image drop foreign key FK2u9r8k49mflyjw0250mya7qho
Hibernate: alter table order_detail drop foreign key FKb8bg2bkty0oksa3wiq5mp5qnc
Hibernate: alter table orders drop foreign key FKf5464gxwc32ongdvka2rtvw96
Hibernate: alter table orders drop foreign key FKel9kyl84ego2otj2accfd8mr7
Hibernate: alter table orders drop foreign key FKrx5vk9ur428660yp19hw98nr2
Hibernate: alter table product_category drop foreign key FKkud35ls1d40wpjb5htpp14q4e
Hibernate: alter table product_category drop foreign key FKquwrr7l4lsrkvudmuexgmp382
Hibernate: alter table product_detail drop foreign key FKilxoi77ctyin6jn9robktb16c
Hibernate: alter table product_detail drop foreign key FKf75mmtf9wg56i9mninf2t0ksr
Hibernate: alter table review drop foreign key FKr99wk8kqsuigvlda57m5mjitt
Hibernate: alter table review drop foreign key FKiyf57dy48lyiftdrf7y87rnxi
Hibernate: drop table if exists address
Hibernate: drop table if exists blog
Hibernate: drop table if exists blog_categories
Hibernate: drop table if exists blog_category
Hibernate: drop table if exists category
Hibernate: drop table if exists feedback
Hibernate: drop table if exists image
Hibernate: drop table if exists order_detail
Hibernate: drop table if exists orders
Hibernate: drop table if exists product
Hibernate: drop table if exists product_category
Hibernate: drop table if exists product_blog
Hibernate: drop table if exists product_detail
Hibernate: drop table if exists review
Hibernate: drop table if exists status
Hibernate: drop table if exists user
Hibernate: drop table if exists voucher
Hibernate: create table address (is_default_address bit not null, id bigint not null auto_increment, user_id bigint, description varchar(255), district varchar(255), full_name varchar(255), phone_number varchar(255), province varchar(255), ward varchar(255), primary key (id)) engine=InnoDB
Hibernate: create table blog (created_date datetime(6), id bigint not null auto_increment, modified_date datetime(6), author varchar(255), header varchar(255), thumbnail varchar(255), title varchar(255), content TEXT, primary key (id)) engine=InnoDB
Hibernate: create table blog_categories (id bigint not null auto_increment, name varchar(255), primary key (id)) engine=InnoDB
Hibernate: create table blog_category (blog_category_id bigint not null, blog_id bigint not null) engine=InnoDB
Hibernate: create table category (id bigint not null auto_increment, name varchar(255), primary key (id)) engine=InnoDB
Hibernate: create table feedback (rating integer not null, id bigint not null auto_increment, avatar varchar(255), name varchar(255), source varchar(255), comment text, primary key (id)) engine=InnoDB
Hibernate: create table image (id bigint not null auto_increment, product_detail_id bigint, url varchar(255), primary key (id)) engine=InnoDB
Hibernate: create table order_detail (price float(53) not null, quantity integer not null, id bigint not null auto_increment, product_id bigint, primary key (id)) engine=InnoDB
Hibernate: create table orders (shipping_fee float(53) not null, total_price float(53) not null, address_id bigint, created_date datetime(6), id bigint not null auto_increment, modified_date datetime(6), user_id bigint, voucher_id bigint, notice varchar(255), status enum ('CHO_THANH_TOAN','DANG_VAN_CHUYEN','DA_HUY','HOAN_THANH','HOAN_TIEN','TRA_HANG'), primary key (id)) engine=InnoDB
Hibernate: create table product (origin float(53) not null, price float(53) not null, unit_in_stock integer not null, created_date datetime(6), id bigint not null auto_increment, modified_date datetime(6), name varchar(255), thumbnail varchar(255), status enum ('AN','CON_HANG','HET_HANG'), primary key (id)) engine=InnoDB
Hibernate: create table product_category (category_id bigint not null, product_detail_id bigint not null) engine=InnoDB
Hibernate: create table product_blog (id bigint not null auto_increment, content varchar(255), primary key (id)) engine=InnoDB
Hibernate: create table product_detail (views integer not null, id bigint not null auto_increment, product_blog_id bigint, product_id bigint, primary key (id)) engine=InnoDB
Hibernate: create table review (rating integer not null, created_date datetime(6), id bigint not null auto_increment, modified_date datetime(6), product_detail_id bigint, user_id bigint, comments varchar(255), primary key (id)) engine=InnoDB
Hibernate: create table status (id bigint not null auto_increment, name varchar(255), primary key (id)) engine=InnoDB
Hibernate: create table user (created_date datetime(6), id bigint not null auto_increment, modified_date datetime(6), email varchar(255), full_name varchar(255), password varchar(255), phone varchar(255), status enum ('BI_KHOA','HOAT_DONG'), primary key (id)) engine=InnoDB
Hibernate: create table voucher (amount float(53) not null, conditions float(53) not null, expiration_date date, quantity integer not null, created_date datetime(6), id bigint not null auto_increment, modified_date datetime(6), description varchar(255), voucher_code varchar(255), primary key (id)) engine=InnoDB
Hibernate: alter table order_detail add constraint UKnkb731c2u3fxwuln18o6lyx6u unique (product_id)
Hibernate: alter table product_detail add constraint UKcou3uwqk1y1nlwas0k3ybi6gt unique (product_blog_id)
Hibernate: alter table product_detail add constraint UKn0poneags4pq2e3u2mlv7h29n unique (product_id)
Hibernate: alter table address add constraint FKda8tuywtf0gb6sedwk7la1pgi foreign key (user_id) references user (id)
Hibernate: alter table blog_category add constraint FKjbyxrx69u4xun5frkk6d5j8hv foreign key (blog_category_id) references blog_categories (id)
Hibernate: alter table blog_category add constraint FKd9e03c7wlyfdv7dd51bvnxc4x foreign key (blog_id) references blog (id)
Hibernate: alter table image add constraint FK2u9r8k49mflyjw0250mya7qho foreign key (product_detail_id) references product_detail (id)
Hibernate: alter table order_detail add constraint FKb8bg2bkty0oksa3wiq5mp5qnc foreign key (product_id) references product (id)
Hibernate: alter table orders add constraint FKf5464gxwc32ongdvka2rtvw96 foreign key (address_id) references address (id)
Hibernate: alter table orders add constraint FKel9kyl84ego2otj2accfd8mr7 foreign key (user_id) references user (id)
Hibernate: alter table orders add constraint FKrx5vk9ur428660yp19hw98nr2 foreign key (voucher_id) references voucher (id)
Hibernate: alter table product_category add constraint FKkud35ls1d40wpjb5htpp14q4e foreign key (category_id) references category (id)
Hibernate: alter table product_category add constraint FKquwrr7l4lsrkvudmuexgmp382 foreign key (product_detail_id) references product_detail (id)
Hibernate: alter table product_detail add constraint FKilxoi77ctyin6jn9robktb16c foreign key (product_id) references product (id)
Hibernate: alter table product_detail add constraint FKf75mmtf9wg56i9mninf2t0ksr foreign key (product_blog_id) references product_blog (id)
Hibernate: alter table review add constraint FKr99wk8kqsuigvlda57m5mjitt foreign key (product_detail_id) references product_detail (id)
Hibernate: alter table review add constraint FKiyf57dy48lyiftdrf7y87rnxi foreign key (user_id) references user (id)
2024-07-08T08:04:50.365+07:00  INFO 9602 --- [DecentAndCraft] [           main] j.LocalContainerEntityManagerFactoryBean : Initialized JPA EntityManagerFactory for persistence unit 'default'
2024-07-08T08:04:51.070+07:00  WARN 9602 --- [DecentAndCraft] [           main] JpaBaseConfiguration$JpaWebConfiguration : spring.jpa.open-in-view is enabled by default. Therefore, database queries may be performed during view rendering. Explicitly configure spring.jpa.open-in-view to disable this warning
2024-07-08T08:04:51.628+07:00  INFO 9602 --- [DecentAndCraft] [           main] c.n.D.DecentAndCraftApplicationTests     : Started DecentAndCraftApplicationTests in 18.369 seconds (process running for 20.441)
Hibernate: insert into product (created_date,modified_date,name,origin,price,status,thumbnail,unit_in_stock) values (?,?,?,?,?,?,?,?)
Hibernate: insert into product (created_date,modified_date,name,origin,price,status,thumbnail,unit_in_stock) values (?,?,?,?,?,?,?,?)
Hibernate: insert into product (created_date,modified_date,name,origin,price,status,thumbnail,unit_in_stock) values (?,?,?,?,?,?,?,?)
Hibernate: insert into product (created_date,modified_date,name,origin,price,status,thumbnail,unit_in_stock) values (?,?,?,?,?,?,?,?)
Hibernate: insert into product (created_date,modified_date,name,origin,price,status,thumbnail,unit_in_stock) values (?,?,?,?,?,?,?,?)
Hibernate: insert into category (name) values (?)
Hibernate: insert into category (name) values (?)
Hibernate: insert into category (name) values (?)
Hibernate: insert into category (name) values (?)
Hibernate: insert into category (name) values (?)
Hibernate: insert into category (name) values (?)
Hibernate: select p1_0.id,p1_0.created_date,p1_0.modified_date,p1_0.name,p1_0.origin,p1_0.price,p1_0.status,p1_0.thumbnail,p1_0.unit_in_stock from product p1_0 where p1_0.id=?
Hibernate: insert into product_detail (product_id,product_blog_id,views) values (?,?,?)
Hibernate: select c1_0.id,c1_0.name from category c1_0 where c1_0.id=?
Hibernate: select c1_0.id,c1_0.name from category c1_0 where c1_0.id=?
Hibernate: select pd1_0.id,p1_0.id,p1_0.created_date,p1_0.modified_date,p1_0.name,p1_0.origin,p1_0.price,p1_0.status,p1_0.thumbnail,p1_0.unit_in_stock,pb1_0.id,pb1_0.content,pd1_0.views,cl1_0.product_detail_id,cl1_1.id,cl1_1.name from product_detail pd1_0 left join product p1_0 on p1_0.id=pd1_0.product_id left join product_blog pb1_0 on pb1_0.id=pd1_0.product_blog_id left join product_category cl1_0 on pd1_0.id=cl1_0.product_detail_id left join category cl1_1 on cl1_1.id=cl1_0.category_id where pd1_0.id=?
Hibernate: select rl1_0.product_detail_id,rl1_0.id,rl1_0.comments,rl1_0.created_date,rl1_0.modified_date,rl1_0.rating,u1_0.id,u1_0.created_date,u1_0.email,u1_0.full_name,u1_0.modified_date,u1_0.password,u1_0.phone,u1_0.status from review rl1_0 left join user u1_0 on u1_0.id=rl1_0.user_id where rl1_0.product_detail_id=?
Hibernate: select il1_0.product_detail_id,il1_0.id,il1_0.url from image il1_0 where il1_0.product_detail_id=?
Hibernate: select c1_0.id,c1_0.name from category c1_0 where c1_0.id=?
Hibernate: select c1_0.id,c1_0.name from category c1_0 where c1_0.id=?
Hibernate: select i1_0.id,i1_0.product_detail_id,i1_0.url from image i1_0 where i1_0.id=?
Hibernate: insert into image (product_detail_id,url) values (?,?)
Hibernate: select i1_0.id,i1_0.product_detail_id,i1_0.url from image i1_0 where i1_0.id=?
Hibernate: insert into image (product_detail_id,url) values (?,?)
Hibernate: select p1_0.id,p1_0.created_date,p1_0.modified_date,p1_0.name,p1_0.origin,p1_0.price,p1_0.status,p1_0.thumbnail,p1_0.unit_in_stock from product p1_0 where p1_0.id=?
Hibernate: select pb1_0.id,pb1_0.content from product_blog pb1_0 where pb1_0.id=?
Hibernate: insert into product_blog (content) values (?)
Hibernate: update product_detail set product_id=?,product_blog_id=?,views=? where id=?
Hibernate: insert into product_category (product_detail_id,category_id) values (?,?)
Hibernate: insert into product_category (product_detail_id,category_id) values (?,?)
Hibernate: insert into blog_categories (name) values (?)
Hibernate: insert into blog_categories (name) values (?)
Hibernate: insert into blog_categories (name) values (?)
Hibernate: insert into blog_categories (name) values (?)
Hibernate: select bc1_0.id,bc1_0.name from blog_categories bc1_0 where bc1_0.id=?
Hibernate: select bc1_0.id,bc1_0.name from blog_categories bc1_0 where bc1_0.id=?
Hibernate: select bc1_0.id,bc1_0.name from blog_categories bc1_0 where bc1_0.id=?
Hibernate: select bc1_0.id,bc1_0.name from blog_categories bc1_0 where bc1_0.id=?
Hibernate: insert into blog (author,content,created_date,header,modified_date,thumbnail,title) values (?,?,?,?,?,?,?)
Hibernate: insert into blog_category (blog_id,blog_category_id) values (?,?)
Hibernate: insert into blog_category (blog_id,blog_category_id) values (?,?)
Hibernate: select u1_0.id from user u1_0 where u1_0.email=? limit ?
Hibernate: insert into user (created_date,email,full_name,modified_date,password,phone,status) values (?,?,?,?,?,?,?)
Hibernate: select u1_0.id from user u1_0 where u1_0.email=? limit ?
Hibernate: insert into user (created_date,email,full_name,modified_date,password,phone,status) values (?,?,?,?,?,?,?)
Hibernate: select u1_0.id from user u1_0 where u1_0.email=? limit ?
Hibernate: insert into user (created_date,email,full_name,modified_date,password,phone,status) values (?,?,?,?,?,?,?)
Hibernate: select u1_0.id from user u1_0 where u1_0.email=? limit ?
Hibernate: insert into user (created_date,email,full_name,modified_date,password,phone,status) values (?,?,?,?,?,?,?)
Hibernate: select r1_0.id from review r1_0 where r1_0.user_id=? and r1_0.product_detail_id=? limit ?
Hibernate: select pd1_0.id,pd1_0.product_id,pd1_0.product_blog_id,pd1_0.views from product_detail pd1_0 where pd1_0.product_id=?
Hibernate: select p1_0.id,p1_0.created_date,p1_0.modified_date,p1_0.name,p1_0.origin,p1_0.price,p1_0.status,p1_0.thumbnail,p1_0.unit_in_stock from product p1_0 where p1_0.id=?
Hibernate: select pb1_0.id,pb1_0.content from product_blog pb1_0 where pb1_0.id=?
Hibernate: select u1_0.id,u1_0.created_date,u1_0.email,u1_0.full_name,u1_0.modified_date,u1_0.password,u1_0.phone,u1_0.status from user u1_0 where u1_0.id=?
Hibernate: insert into review (comments,created_date,modified_date,product_detail_id,rating,user_id) values (?,?,?,?,?,?)
Hibernate: select r1_0.id from review r1_0 where r1_0.user_id=? and r1_0.product_detail_id=? limit ?
Hibernate: select pd1_0.id,pd1_0.product_id,pd1_0.product_blog_id,pd1_0.views from product_detail pd1_0 where pd1_0.product_id=?
Hibernate: select p1_0.id,p1_0.created_date,p1_0.modified_date,p1_0.name,p1_0.origin,p1_0.price,p1_0.status,p1_0.thumbnail,p1_0.unit_in_stock from product p1_0 where p1_0.id=?
Hibernate: select pb1_0.id,pb1_0.content from product_blog pb1_0 where pb1_0.id=?
Hibernate: select u1_0.id,u1_0.created_date,u1_0.email,u1_0.full_name,u1_0.modified_date,u1_0.password,u1_0.phone,u1_0.status from user u1_0 where u1_0.id=?
Hibernate: insert into review (comments,created_date,modified_date,product_detail_id,rating,user_id) values (?,?,?,?,?,?)
Hibernate: select r1_0.id from review r1_0 where r1_0.user_id=? and r1_0.product_detail_id=? limit ?
Hibernate: select pd1_0.id,pd1_0.product_id,pd1_0.product_blog_id,pd1_0.views from product_detail pd1_0 where pd1_0.product_id=?
Hibernate: select p1_0.id,p1_0.created_date,p1_0.modified_date,p1_0.name,p1_0.origin,p1_0.price,p1_0.status,p1_0.thumbnail,p1_0.unit_in_stock from product p1_0 where p1_0.id=?
Hibernate: select pb1_0.id,pb1_0.content from product_blog pb1_0 where pb1_0.id=?
Hibernate: select u1_0.id,u1_0.created_date,u1_0.email,u1_0.full_name,u1_0.modified_date,u1_0.password,u1_0.phone,u1_0.status from user u1_0 where u1_0.id=?
Hibernate: insert into review (comments,created_date,modified_date,product_detail_id,rating,user_id) values (?,?,?,?,?,?)
Hibernate: select r1_0.id from review r1_0 where r1_0.user_id=? and r1_0.product_detail_id=? limit ?
Hibernate: select pd1_0.id,pd1_0.product_id,pd1_0.product_blog_id,pd1_0.views from product_detail pd1_0 where pd1_0.product_id=?
Hibernate: select p1_0.id,p1_0.created_date,p1_0.modified_date,p1_0.name,p1_0.origin,p1_0.price,p1_0.status,p1_0.thumbnail,p1_0.unit_in_stock from product p1_0 where p1_0.id=?
Hibernate: select pb1_0.id,pb1_0.content from product_blog pb1_0 where pb1_0.id=?
Hibernate: select u1_0.id,u1_0.created_date,u1_0.email,u1_0.full_name,u1_0.modified_date,u1_0.password,u1_0.phone,u1_0.status from user u1_0 where u1_0.id=?
Hibernate: insert into review (comments,created_date,modified_date,product_detail_id,rating,user_id) values (?,?,?,?,?,?)
Hibernate: insert into feedback (avatar,comment,name,rating,source) values (?,?,?,?,?)
Hibernate: insert into feedback (avatar,comment,name,rating,source) values (?,?,?,?,?)
Hibernate: insert into feedback (avatar,comment,name,rating,source) values (?,?,?,?,?)
]]></system-out>
    <system-err><![CDATA[WARNING: A Java agent has been loaded dynamically (/home/dbt19/.m2/repository/net/bytebuddy/byte-buddy-agent/1.14.17/byte-buddy-agent-1.14.17.jar)
WARNING: If a serviceability tool is in use, please run with -XX:+EnableDynamicAgentLoading to hide this warning
WARNING: If a serviceability tool is not in use, please run with -Djdk.instrument.traceUsage for more information
WARNING: Dynamic loading of agents will be disallowed by default in a future release
]]></system-err>
  </testcase>
</testsuite>